[debug] [2026-01-13T00:11:40.901Z] ----------------------------------------------------------------------
[debug] [2026-01-13T00:11:40.904Z] Command:       C:\Program Files\nodejs\node.exe C:\Users\KEVINDEEP SINGH\AppData\Roaming\npm\node_modules\firebase-tools\lib\bin\firebase.js init hosting
[debug] [2026-01-13T00:11:40.905Z] CLI Version:   14.27.0
[debug] [2026-01-13T00:11:40.905Z] Platform:      win32
[debug] [2026-01-13T00:11:40.905Z] Node Version:  v22.20.0
[debug] [2026-01-13T00:11:40.905Z] Time:          Tue Jan 13 2026 05:41:40 GMT+0530 (India Standard Time)
[debug] [2026-01-13T00:11:40.905Z] ----------------------------------------------------------------------
[debug] 
[debug] [2026-01-13T00:11:40.909Z] >>> [apiv2][query] GET https://firebase-public.firebaseio.com/cli.json [none]
[info] 
     ######## #### ########  ######## ########     ###     ######  ########
     ##        ##  ##     ## ##       ##     ##  ##   ##  ##       ##
     ######    ##  ########  ######   ########  #########  ######  ######
     ##        ##  ##    ##  ##       ##     ## ##     ##       ## ##
     ##       #### ##     ## ######## ########  ##     ##  ######  ########

You're about to initialize a Firebase project in this directory:

  C:\Users\KEVINDEEP SINGH\OneDrive\Desktop\SKILLELGE_WEB

[debug] [2026-01-13T00:11:41.518Z] <<< [apiv2][status] GET https://firebase-public.firebaseio.com/cli.json 200
[debug] [2026-01-13T00:11:41.518Z] <<< [apiv2][body] GET https://firebase-public.firebaseio.com/cli.json {"cloudBuildErrorAfter":1594252800000,"cloudBuildWarnAfter":1590019200000,"defaultNode10After":1594252800000,"minVersion":"3.0.5","node8DeploysDisabledAfter":1613390400000,"node8RuntimeDisabledAfter":1615809600000,"node8WarnAfter":1600128000000}
[info] 
=== Project Setup
[info] 
[info] First, let's associate this project directory with a Firebase project.
[info] You can create multiple project aliases by running firebase use --add, 
[info] 
[debug] [2026-01-13T00:12:01.710Z] > command requires scopes: ["email","openid","https://www.googleapis.com/auth/cloudplatformprojects.readonly","https://www.googleapis.com/auth/firebase","https://www.googleapis.com/auth/cloud-platform"]
[debug] [2026-01-13T00:12:01.712Z] > authorizing via signed-in user (kdsp9206@gmail.com)
[debug] [2026-01-13T00:12:01.713Z] Checked if tokens are valid: false, expires at: 1765914403201
[debug] [2026-01-13T00:12:01.714Z] Checked if tokens are valid: false, expires at: 1765914403201
[debug] [2026-01-13T00:12:01.714Z] > refreshing access token with scopes: []
[debug] [2026-01-13T00:12:01.717Z] >>> [apiv2][query] POST https://www.googleapis.com/oauth2/v3/token [none]
[debug] [2026-01-13T00:12:01.717Z] >>> [apiv2][body] POST https://www.googleapis.com/oauth2/v3/token [omitted]
[debug] [2026-01-13T00:12:01.893Z] <<< [apiv2][status] POST https://www.googleapis.com/oauth2/v3/token 200
[debug] [2026-01-13T00:12:01.894Z] <<< [apiv2][body] POST https://www.googleapis.com/oauth2/v3/token [omitted]
[debug] [2026-01-13T00:12:01.910Z] >>> [apiv2][query] GET https://firebase.googleapis.com/v1beta1/projects pageSize=100
[debug] [2026-01-13T00:12:02.596Z] <<< [apiv2][status] GET https://firebase.googleapis.com/v1beta1/projects 200
[debug] [2026-01-13T00:12:02.596Z] <<< [apiv2][body] GET https://firebase.googleapis.com/v1beta1/projects [omitted]
[debug] [2026-01-13T00:12:12.857Z] ExitPromptError: User force closed the prompt with SIGINT
    at Interface.sigint (C:\Users\KEVINDEEP SINGH\AppData\Roaming\npm\node_modules\firebase-tools\node_modules\@inquirer\core\dist\commonjs\lib\create-prompt.js:101:37)
    at Interface.emit (node:events:519:28)
    at Interface.emit (node:domain:489:12)
    at [_ttyWrite] [as _ttyWrite] (node:internal/readline/interface:1128:18)
    at ReadStream.onkeypress (node:internal/readline/interface:271:20)
    at ReadStream.emit (node:events:531:35)
    at ReadStream.emit (node:domain:489:12)
    at emitKeys (node:internal/readline/utils:370:14)
    at emitKeys.next (<anonymous>)
    at ReadStream.onData (node:internal/readline/emitKeypressEvents:64:36)
[error] 
[error] Error: An unexpected error has occurred.
[debug] [2026-01-13T00:12:27.712Z] ----------------------------------------------------------------------
[debug] [2026-01-13T00:12:27.716Z] Command:       C:\Program Files\nodejs\node.exe C:\Users\KEVINDEEP SINGH\AppData\Roaming\npm\node_modules\firebase-tools\lib\bin\firebase.js init hosting
[debug] [2026-01-13T00:12:27.716Z] CLI Version:   14.27.0
[debug] [2026-01-13T00:12:27.716Z] Platform:      win32
[debug] [2026-01-13T00:12:27.717Z] Node Version:  v22.20.0
[debug] [2026-01-13T00:12:27.717Z] Time:          Tue Jan 13 2026 05:42:27 GMT+0530 (India Standard Time)
[debug] [2026-01-13T00:12:27.717Z] ----------------------------------------------------------------------
[debug] 
[info] 
     ######## #### ########  ######## ########     ###     ######  ########
     ##        ##  ##     ## ##       ##     ##  ##   ##  ##       ##
     ######    ##  ########  ######   ########  #########  ######  ######
     ##        ##  ##    ##  ##       ##     ## ##     ##       ## ##
     ##       #### ##     ## ######## ########  ##     ##  ######  ########

You're about to initialize a Firebase project in this directory:

  C:\Users\KEVINDEEP SINGH\OneDrive\Desktop\SKILLELGE_WEB

[debug] [2026-01-13T00:13:19.052Z] ExitPromptError: User force closed the prompt with SIGINT
    at Interface.sigint (C:\Users\KEVINDEEP SINGH\AppData\Roaming\npm\node_modules\firebase-tools\node_modules\@inquirer\core\dist\commonjs\lib\create-prompt.js:101:37)
    at Interface.emit (node:events:519:28)
    at Interface.emit (node:domain:489:12)
    at [_ttyWrite] [as _ttyWrite] (node:internal/readline/interface:1128:18)
    at ReadStream.onkeypress (node:internal/readline/interface:271:20)
    at ReadStream.emit (node:events:531:35)
    at ReadStream.emit (node:domain:489:12)
    at emitKeys (node:internal/readline/utils:370:14)
    at emitKeys.next (<anonymous>)
    at ReadStream.onData (node:internal/readline/emitKeypressEvents:64:36)
[error] 
[error] Error: An unexpected error has occurred.
